2022-11-05 09:52:14,481 [Worker-7: Loading available Gradle versions] INFO  o.e.b.c.i.u.g.PublishedGradleVersions - Gradle version information cache is up-to-date. Trying to read.
2022-11-07 13:06:58,667 [Worker-3: Loading available Gradle versions] INFO  o.e.b.c.i.u.g.PublishedGradleVersions - Gradle version information cache is out-of-date. Trying to update.
2022-11-08 14:14:11,756 [Worker-6: Loading available Gradle versions] INFO  o.e.b.c.i.u.g.PublishedGradleVersions - Gradle version information cache is out-of-date. Trying to update.
2022-11-09 14:12:00,255 [Worker-2: Loading available Gradle versions] INFO  o.e.b.c.i.u.g.PublishedGradleVersions - Gradle version information cache is up-to-date. Trying to read.
2022-11-10 13:11:57,951 [Worker-1: Loading available Gradle versions] INFO  o.e.b.c.i.u.g.PublishedGradleVersions - Gradle version information cache is out-of-date. Trying to update.
2022-11-10 13:12:37,508 [Worker-0: Loading available Gradle versions] INFO  o.e.b.c.i.u.g.PublishedGradleVersions - Gradle version information cache is up-to-date. Trying to read.
2022-11-10 13:14:42,621 [Worker-26: Loading available Gradle versions] INFO  o.e.b.c.i.u.g.PublishedGradleVersions - Gradle version information cache is up-to-date. Trying to read.
2022-11-11 13:18:20,351 [Worker-5: Loading available Gradle versions] INFO  o.e.b.c.i.u.g.PublishedGradleVersions - Gradle version information cache is out-of-date. Trying to update.
2022-11-11 14:12:00,189 [Worker-7: Loading available Gradle versions] INFO  o.e.b.c.i.u.g.PublishedGradleVersions - Gradle version information cache is up-to-date. Trying to read.
2022-11-11 14:59:48,616 [Worker-52: Debug Source Lookup] INFO  o.e.m.c.i.e.AbstractTransferListenerAdapter - Downloading https://repo.maven.apache.org/maven2/org/apache/commons/commons-exec/1.3/commons-exec-1.3-sources.jar
2022-11-11 14:59:48,620 [Worker-59: Label Job] INFO  o.e.m.c.i.e.AbstractTransferListenerAdapter - Downloading https://repo.maven.apache.org/maven2/org/apache/commons/commons-exec/1.3/commons-exec-1.3-sources.jar
2022-11-11 14:59:48,958 [Worker-52: Debug Source Lookup] INFO  o.e.m.c.i.e.AbstractTransferListenerAdapter - Downloaded https://repo.maven.apache.org/maven2/org/apache/commons/commons-exec/1.3/commons-exec-1.3-sources.jar
2022-11-11 14:59:48,965 [Worker-59: Label Job] INFO  o.e.m.c.i.e.AbstractTransferListenerAdapter - Downloaded https://repo.maven.apache.org/maven2/org/apache/commons/commons-exec/1.3/commons-exec-1.3-sources.jar
2022-11-11 14:59:49,543 [Worker-52: Debug Source Lookup] INFO  o.e.m.c.i.e.AbstractTransferListenerAdapter - Downloading https://repo.maven.apache.org/maven2/io/netty/netty-handler-proxy/4.1.84.Final/netty-handler-proxy-4.1.84.Final-sources.jar
2022-11-11 14:59:49,581 [Worker-59: Label Job] INFO  o.e.m.c.i.e.AbstractTransferListenerAdapter - Downloading https://repo.maven.apache.org/maven2/io/netty/netty-handler-proxy/4.1.84.Final/netty-handler-proxy-4.1.84.Final-sources.jar
2022-11-11 14:59:49,831 [Worker-52: Debug Source Lookup] INFO  o.e.m.c.i.e.AbstractTransferListenerAdapter - Downloaded https://repo.maven.apache.org/maven2/io/netty/netty-handler-proxy/4.1.84.Final/netty-handler-proxy-4.1.84.Final-sources.jar
2022-11-11 14:59:49,925 [Worker-59: Label Job] INFO  o.e.m.c.i.e.AbstractTransferListenerAdapter - Downloaded https://repo.maven.apache.org/maven2/io/netty/netty-handler-proxy/4.1.84.Final/netty-handler-proxy-4.1.84.Final-sources.jar
2022-11-11 14:59:50,430 [Worker-52: Debug Source Lookup] INFO  o.e.m.c.i.e.AbstractTransferListenerAdapter - Downloading https://repo.maven.apache.org/maven2/eu/neilalexander/jnacl/1.0.0/jnacl-1.0.0-sources.jar
2022-11-11 14:59:50,533 [Worker-59: Label Job] INFO  o.e.m.c.i.e.AbstractTransferListenerAdapter - Downloading https://repo.maven.apache.org/maven2/eu/neilalexander/jnacl/1.0.0/jnacl-1.0.0-sources.jar
2022-11-11 14:59:50,727 [Worker-52: Debug Source Lookup] INFO  o.e.m.c.i.e.AbstractTransferListenerAdapter - Downloaded https://repo.maven.apache.org/maven2/eu/neilalexander/jnacl/1.0.0/jnacl-1.0.0-sources.jar
2022-11-11 14:59:50,869 [Worker-59: Label Job] INFO  o.e.m.c.i.e.AbstractTransferListenerAdapter - Downloaded https://repo.maven.apache.org/maven2/eu/neilalexander/jnacl/1.0.0/jnacl-1.0.0-sources.jar
2022-11-11 14:59:51,340 [Worker-52: Debug Source Lookup] INFO  o.e.m.c.i.e.AbstractTransferListenerAdapter - Downloading https://repo.maven.apache.org/maven2/org/slf4j/slf4j-jdk14/2.0.3/slf4j-jdk14-2.0.3-sources.jar
2022-11-11 14:59:51,485 [Worker-59: Label Job] INFO  o.e.m.c.i.e.AbstractTransferListenerAdapter - Downloading https://repo.maven.apache.org/maven2/org/slf4j/slf4j-jdk14/2.0.3/slf4j-jdk14-2.0.3-sources.jar
2022-11-11 14:59:51,644 [Worker-52: Debug Source Lookup] INFO  o.e.m.c.i.e.AbstractTransferListenerAdapter - Downloaded https://repo.maven.apache.org/maven2/org/slf4j/slf4j-jdk14/2.0.3/slf4j-jdk14-2.0.3-sources.jar
2022-11-11 14:59:51,788 [Worker-59: Label Job] INFO  o.e.m.c.i.e.AbstractTransferListenerAdapter - Downloaded https://repo.maven.apache.org/maven2/org/slf4j/slf4j-jdk14/2.0.3/slf4j-jdk14-2.0.3-sources.jar
2022-11-11 14:59:52,205 [Worker-52: Debug Source Lookup] INFO  o.e.m.c.i.e.AbstractTransferListenerAdapter - Downloading https://repo.maven.apache.org/maven2/com/google/auto/auto-common/1.2.1/auto-common-1.2.1-sources.jar
2022-11-11 14:59:52,406 [Worker-59: Label Job] INFO  o.e.m.c.i.e.AbstractTransferListenerAdapter - Downloading https://repo.maven.apache.org/maven2/com/google/auto/auto-common/1.2.1/auto-common-1.2.1-sources.jar
2022-11-11 14:59:52,552 [Worker-52: Debug Source Lookup] INFO  o.e.m.c.i.e.AbstractTransferListenerAdapter - Downloaded https://repo.maven.apache.org/maven2/com/google/auto/auto-common/1.2.1/auto-common-1.2.1-sources.jar
2022-11-11 14:59:52,892 [Worker-59: Label Job] INFO  o.e.m.c.i.e.AbstractTransferListenerAdapter - Downloaded https://repo.maven.apache.org/maven2/com/google/auto/auto-common/1.2.1/auto-common-1.2.1-sources.jar
2022-11-11 14:59:53,174 [Worker-52: Debug Source Lookup] INFO  o.e.m.c.i.e.AbstractTransferListenerAdapter - Downloading https://repo.maven.apache.org/maven2/com/google/auto/service/auto-service/1.0.1/auto-service-1.0.1-sources.jar
2022-11-11 14:59:53,476 [Worker-52: Debug Source Lookup] INFO  o.e.m.c.i.e.AbstractTransferListenerAdapter - Downloaded https://repo.maven.apache.org/maven2/com/google/auto/service/auto-service/1.0.1/auto-service-1.0.1-sources.jar
2022-11-11 14:59:53,519 [Worker-59: Label Job] INFO  o.e.m.c.i.e.AbstractTransferListenerAdapter - Downloading https://repo.maven.apache.org/maven2/com/google/auto/service/auto-service/1.0.1/auto-service-1.0.1-sources.jar
2022-11-11 14:59:53,842 [Worker-59: Label Job] INFO  o.e.m.c.i.e.AbstractTransferListenerAdapter - Downloaded https://repo.maven.apache.org/maven2/com/google/auto/service/auto-service/1.0.1/auto-service-1.0.1-sources.jar
2022-11-11 14:59:54,290 [Worker-52: Debug Source Lookup] INFO  o.e.m.c.i.e.AbstractTransferListenerAdapter - Downloading https://repo.maven.apache.org/maven2/io/netty/netty-handler/4.1.84.Final/netty-handler-4.1.84.Final-sources.jar
2022-11-11 14:59:54,485 [Worker-59: Label Job] INFO  o.e.m.c.i.e.AbstractTransferListenerAdapter - Downloading https://repo.maven.apache.org/maven2/io/netty/netty-handler/4.1.84.Final/netty-handler-4.1.84.Final-sources.jar
2022-11-11 14:59:55,135 [Worker-59: Label Job] INFO  o.e.m.c.i.e.AbstractTransferListenerAdapter - Downloaded https://repo.maven.apache.org/maven2/io/netty/netty-handler/4.1.84.Final/netty-handler-4.1.84.Final-sources.jar
2022-11-11 14:59:55,695 [Worker-59: Label Job] INFO  o.e.m.c.i.e.AbstractTransferListenerAdapter - Downloading https://repo.maven.apache.org/maven2/javax/servlet/javax.servlet-api/4.0.1/javax.servlet-api-4.0.1-sources.jar
2022-11-11 14:59:56,168 [Worker-59: Label Job] INFO  o.e.m.c.i.e.AbstractTransferListenerAdapter - Downloaded https://repo.maven.apache.org/maven2/javax/servlet/javax.servlet-api/4.0.1/javax.servlet-api-4.0.1-sources.jar
2022-11-11 14:59:56,602 [Worker-52: Debug Source Lookup] INFO  o.e.m.c.i.e.AbstractTransferListenerAdapter - Downloaded https://repo.maven.apache.org/maven2/io/netty/netty-handler/4.1.84.Final/netty-handler-4.1.84.Final-sources.jar
2022-11-11 14:59:56,790 [Worker-59: Label Job] INFO  o.e.m.c.i.e.AbstractTransferListenerAdapter - Downloading https://repo.maven.apache.org/maven2/io/netty/netty-transport-native-unix-common/4.1.84.Final/netty-transport-native-unix-common-4.1.84.Final-sources.jar
2022-11-11 14:59:57,143 [Worker-59: Label Job] INFO  o.e.m.c.i.e.AbstractTransferListenerAdapter - Downloaded https://repo.maven.apache.org/maven2/io/netty/netty-transport-native-unix-common/4.1.84.Final/netty-transport-native-unix-common-4.1.84.Final-sources.jar
2022-11-11 14:59:57,178 [Worker-52: Debug Source Lookup] INFO  o.e.m.c.i.e.AbstractTransferListenerAdapter - Downloading https://repo.maven.apache.org/maven2/io/netty/netty-transport-native-unix-common/4.1.84.Final/netty-transport-native-unix-common-4.1.84.Final-sources.jar
2022-11-11 14:59:57,503 [Worker-52: Debug Source Lookup] INFO  o.e.m.c.i.e.AbstractTransferListenerAdapter - Downloaded https://repo.maven.apache.org/maven2/io/netty/netty-transport-native-unix-common/4.1.84.Final/netty-transport-native-unix-common-4.1.84.Final-sources.jar
2022-11-11 14:59:57,936 [Worker-59: Label Job] INFO  o.e.m.c.i.e.AbstractTransferListenerAdapter - Downloading https://repo.maven.apache.org/maven2/io/ous/jtoml/2.0.0/jtoml-2.0.0-sources.jar
2022-11-11 14:59:58,069 [Worker-52: Debug Source Lookup] INFO  o.e.m.c.i.e.AbstractTransferListenerAdapter - Downloading https://repo.maven.apache.org/maven2/io/ous/jtoml/2.0.0/jtoml-2.0.0-sources.jar
2022-11-11 14:59:58,221 [Worker-59: Label Job] INFO  o.e.m.c.i.e.AbstractTransferListenerAdapter - Downloaded https://repo.maven.apache.org/maven2/io/ous/jtoml/2.0.0/jtoml-2.0.0-sources.jar
2022-11-11 14:59:58,376 [Worker-52: Debug Source Lookup] INFO  o.e.m.c.i.e.AbstractTransferListenerAdapter - Downloaded https://repo.maven.apache.org/maven2/io/ous/jtoml/2.0.0/jtoml-2.0.0-sources.jar
2022-11-11 14:59:58,847 [Worker-59: Label Job] INFO  o.e.m.c.i.e.AbstractTransferListenerAdapter - Downloading https://repo.maven.apache.org/maven2/com/sun/activation/jakarta.activation/1.2.2/jakarta.activation-1.2.2-sources.jar
2022-11-11 14:59:58,948 [Worker-52: Debug Source Lookup] INFO  o.e.m.c.i.e.AbstractTransferListenerAdapter - Downloading https://repo.maven.apache.org/maven2/com/sun/activation/jakarta.activation/1.2.2/jakarta.activation-1.2.2-sources.jar
2022-11-11 14:59:59,192 [Worker-59: Label Job] INFO  o.e.m.c.i.e.AbstractTransferListenerAdapter - Downloaded https://repo.maven.apache.org/maven2/com/sun/activation/jakarta.activation/1.2.2/jakarta.activation-1.2.2-sources.jar
2022-11-11 14:59:59,261 [Worker-52: Debug Source Lookup] INFO  o.e.m.c.i.e.AbstractTransferListenerAdapter - Downloaded https://repo.maven.apache.org/maven2/com/sun/activation/jakarta.activation/1.2.2/jakarta.activation-1.2.2-sources.jar
2022-11-11 14:59:59,764 [Worker-59: Label Job] INFO  o.e.m.c.i.e.AbstractTransferListenerAdapter - Downloading https://repo.maven.apache.org/maven2/io/netty/netty-transport-native-kqueue/4.1.84.Final/netty-transport-native-kqueue-4.1.84.Final-sources.jar
2022-11-11 14:59:59,918 [Worker-52: Debug Source Lookup] INFO  o.e.m.c.i.e.AbstractTransferListenerAdapter - Downloading https://repo.maven.apache.org/maven2/io/netty/netty-transport-native-kqueue/4.1.84.Final/netty-transport-native-kqueue-4.1.84.Final-sources.jar
2022-11-11 15:00:00,047 [Worker-59: Label Job] INFO  o.e.m.c.i.e.AbstractTransferListenerAdapter - Downloaded https://repo.maven.apache.org/maven2/io/netty/netty-transport-native-kqueue/4.1.84.Final/netty-transport-native-kqueue-4.1.84.Final-sources.jar
2022-11-11 15:00:00,259 [Worker-52: Debug Source Lookup] INFO  o.e.m.c.i.e.AbstractTransferListenerAdapter - Downloaded https://repo.maven.apache.org/maven2/io/netty/netty-transport-native-kqueue/4.1.84.Final/netty-transport-native-kqueue-4.1.84.Final-sources.jar
2022-11-11 15:00:00,609 [Worker-59: Label Job] INFO  o.e.m.c.i.e.AbstractTransferListenerAdapter - Downloading https://repo.maven.apache.org/maven2/com/google/code/findbugs/jsr305/3.0.2/jsr305-3.0.2-sources.jar
2022-11-11 15:00:00,872 [Worker-52: Debug Source Lookup] INFO  o.e.m.c.i.e.AbstractTransferListenerAdapter - Downloading https://repo.maven.apache.org/maven2/com/google/code/findbugs/jsr305/3.0.2/jsr305-3.0.2-sources.jar
2022-11-11 15:00:00,887 [Worker-59: Label Job] INFO  o.e.m.c.i.e.AbstractTransferListenerAdapter - Downloaded https://repo.maven.apache.org/maven2/com/google/code/findbugs/jsr305/3.0.2/jsr305-3.0.2-sources.jar
2022-11-11 15:00:01,248 [Worker-52: Debug Source Lookup] INFO  o.e.m.c.i.e.AbstractTransferListenerAdapter - Downloaded https://repo.maven.apache.org/maven2/com/google/code/findbugs/jsr305/3.0.2/jsr305-3.0.2-sources.jar
2022-11-11 15:00:01,512 [Worker-59: Label Job] INFO  o.e.m.c.i.e.AbstractTransferListenerAdapter - Downloading https://repo.maven.apache.org/maven2/io/netty/netty-common/4.1.84.Final/netty-common-4.1.84.Final-sources.jar
2022-11-11 15:00:01,867 [Worker-52: Debug Source Lookup] INFO  o.e.m.c.i.e.AbstractTransferListenerAdapter - Downloading https://repo.maven.apache.org/maven2/io/netty/netty-common/4.1.84.Final/netty-common-4.1.84.Final-sources.jar
2022-11-11 15:00:02,243 [Worker-59: Label Job] INFO  o.e.m.c.i.e.AbstractTransferListenerAdapter - Downloaded https://repo.maven.apache.org/maven2/io/netty/netty-common/4.1.84.Final/netty-common-4.1.84.Final-sources.jar
2022-11-11 15:00:02,587 [Worker-52: Debug Source Lookup] INFO  o.e.m.c.i.e.AbstractTransferListenerAdapter - Downloaded https://repo.maven.apache.org/maven2/io/netty/netty-common/4.1.84.Final/netty-common-4.1.84.Final-sources.jar
2022-11-11 15:00:02,854 [Worker-59: Label Job] INFO  o.e.m.c.i.e.AbstractTransferListenerAdapter - Downloading https://repo.maven.apache.org/maven2/com/typesafe/netty/netty-reactive-streams/2.0.4/netty-reactive-streams-2.0.4-sources.jar
2022-11-11 15:00:03,158 [Worker-59: Label Job] INFO  o.e.m.c.i.e.AbstractTransferListenerAdapter - Downloaded https://repo.maven.apache.org/maven2/com/typesafe/netty/netty-reactive-streams/2.0.4/netty-reactive-streams-2.0.4-sources.jar
2022-11-11 15:00:03,429 [Worker-52: Debug Source Lookup] INFO  o.e.m.c.i.e.AbstractTransferListenerAdapter - Downloading https://repo.maven.apache.org/maven2/com/typesafe/netty/netty-reactive-streams/2.0.4/netty-reactive-streams-2.0.4-sources.jar
2022-11-11 15:00:03,752 [Worker-52: Debug Source Lookup] INFO  o.e.m.c.i.e.AbstractTransferListenerAdapter - Downloaded https://repo.maven.apache.org/maven2/com/typesafe/netty/netty-reactive-streams/2.0.4/netty-reactive-streams-2.0.4-sources.jar
2022-11-11 15:00:03,775 [Worker-59: Label Job] INFO  o.e.m.c.i.e.AbstractTransferListenerAdapter - Downloading https://repo.maven.apache.org/maven2/com/google/j2objc/j2objc-annotations/1.3/j2objc-annotations-1.3-sources.jar
2022-11-11 15:00:04,086 [Worker-59: Label Job] INFO  o.e.m.c.i.e.AbstractTransferListenerAdapter - Downloaded https://repo.maven.apache.org/maven2/com/google/j2objc/j2objc-annotations/1.3/j2objc-annotations-1.3-sources.jar
2022-11-11 15:00:04,326 [Worker-52: Debug Source Lookup] INFO  o.e.m.c.i.e.AbstractTransferListenerAdapter - Downloading https://repo.maven.apache.org/maven2/com/google/j2objc/j2objc-annotations/1.3/j2objc-annotations-1.3-sources.jar
2022-11-11 15:00:04,640 [Worker-52: Debug Source Lookup] INFO  o.e.m.c.i.e.AbstractTransferListenerAdapter - Downloaded https://repo.maven.apache.org/maven2/com/google/j2objc/j2objc-annotations/1.3/j2objc-annotations-1.3-sources.jar
2022-11-11 15:00:04,657 [Worker-59: Label Job] INFO  o.e.m.c.i.e.AbstractTransferListenerAdapter - Downloading https://repo.maven.apache.org/maven2/com/google/guava/guava/31.1-jre/guava-31.1-jre-sources.jar
2022-11-11 15:00:05,245 [Worker-52: Debug Source Lookup] INFO  o.e.m.c.i.e.AbstractTransferListenerAdapter - Downloading https://repo.maven.apache.org/maven2/com/google/guava/guava/31.1-jre/guava-31.1-jre-sources.jar
2022-11-11 15:00:05,552 [Worker-59: Label Job] INFO  o.e.m.c.i.e.AbstractTransferListenerAdapter - Downloaded https://repo.maven.apache.org/maven2/com/google/guava/guava/31.1-jre/guava-31.1-jre-sources.jar
2022-11-11 15:00:06,176 [Worker-59: Label Job] INFO  o.e.m.c.i.e.AbstractTransferListenerAdapter - Downloading https://repo.maven.apache.org/maven2/org/antlr/antlr4-runtime/4.9.3/antlr4-runtime-4.9.3-sources.jar
2022-11-11 15:00:06,810 [Worker-59: Label Job] INFO  o.e.m.c.i.e.AbstractTransferListenerAdapter - Downloaded https://repo.maven.apache.org/maven2/org/antlr/antlr4-runtime/4.9.3/antlr4-runtime-4.9.3-sources.jar
2022-11-11 15:00:07,030 [Worker-52: Debug Source Lookup] INFO  o.e.m.c.i.e.AbstractTransferListenerAdapter - Downloaded https://repo.maven.apache.org/maven2/com/google/guava/guava/31.1-jre/guava-31.1-jre-sources.jar
2022-11-11 15:00:07,420 [Worker-59: Label Job] INFO  o.e.m.c.i.e.AbstractTransferListenerAdapter - Downloading https://repo.maven.apache.org/maven2/org/zeromq/jeromq/0.5.2/jeromq-0.5.2-sources.jar
2022-11-11 15:00:07,602 [Worker-52: Debug Source Lookup] INFO  o.e.m.c.i.e.AbstractTransferListenerAdapter - Downloading https://repo.maven.apache.org/maven2/org/zeromq/jeromq/0.5.2/jeromq-0.5.2-sources.jar
2022-11-11 15:00:07,975 [Worker-59: Label Job] INFO  o.e.m.c.i.e.AbstractTransferListenerAdapter - Downloaded https://repo.maven.apache.org/maven2/org/zeromq/jeromq/0.5.2/jeromq-0.5.2-sources.jar
2022-11-11 15:00:08,125 [Worker-52: Debug Source Lookup] INFO  o.e.m.c.i.e.AbstractTransferListenerAdapter - Downloaded https://repo.maven.apache.org/maven2/org/zeromq/jeromq/0.5.2/jeromq-0.5.2-sources.jar
2022-11-11 15:00:08,546 [Worker-59: Label Job] INFO  o.e.m.c.i.e.AbstractTransferListenerAdapter - Downloading https://repo.maven.apache.org/maven2/io/netty/netty-codec/4.1.84.Final/netty-codec-4.1.84.Final-sources.jar
2022-11-11 15:00:08,687 [Worker-52: Debug Source Lookup] INFO  o.e.m.c.i.e.AbstractTransferListenerAdapter - Downloading https://repo.maven.apache.org/maven2/io/netty/netty-codec/4.1.84.Final/netty-codec-4.1.84.Final-sources.jar
2022-11-11 15:00:09,062 [Worker-59: Label Job] INFO  o.e.m.c.i.e.AbstractTransferListenerAdapter - Downloaded https://repo.maven.apache.org/maven2/io/netty/netty-codec/4.1.84.Final/netty-codec-4.1.84.Final-sources.jar
2022-11-11 15:00:09,194 [Worker-52: Debug Source Lookup] INFO  o.e.m.c.i.e.AbstractTransferListenerAdapter - Downloaded https://repo.maven.apache.org/maven2/io/netty/netty-codec/4.1.84.Final/netty-codec-4.1.84.Final-sources.jar
2022-11-11 15:00:09,712 [Worker-59: Label Job] INFO  o.e.m.c.i.e.AbstractTransferListenerAdapter - Downloading https://repo.maven.apache.org/maven2/io/netty/netty-transport-classes-epoll/4.1.84.Final/netty-transport-classes-epoll-4.1.84.Final-sources.jar
2022-11-11 15:00:09,823 [Worker-52: Debug Source Lookup] INFO  o.e.m.c.i.e.AbstractTransferListenerAdapter - Downloading https://repo.maven.apache.org/maven2/io/netty/netty-transport-classes-epoll/4.1.84.Final/netty-transport-classes-epoll-4.1.84.Final-sources.jar
2022-11-11 15:00:10,099 [Worker-59: Label Job] INFO  o.e.m.c.i.e.AbstractTransferListenerAdapter - Downloaded https://repo.maven.apache.org/maven2/io/netty/netty-transport-classes-epoll/4.1.84.Final/netty-transport-classes-epoll-4.1.84.Final-sources.jar
2022-11-11 15:00:10,199 [Worker-52: Debug Source Lookup] INFO  o.e.m.c.i.e.AbstractTransferListenerAdapter - Downloaded https://repo.maven.apache.org/maven2/io/netty/netty-transport-classes-epoll/4.1.84.Final/netty-transport-classes-epoll-4.1.84.Final-sources.jar
2022-11-11 15:00:10,655 [Worker-59: Label Job] INFO  o.e.m.c.i.e.AbstractTransferListenerAdapter - Downloading https://repo.maven.apache.org/maven2/io/netty/netty-resolver/4.1.84.Final/netty-resolver-4.1.84.Final-sources.jar
2022-11-11 15:00:10,812 [Worker-52: Debug Source Lookup] INFO  o.e.m.c.i.e.AbstractTransferListenerAdapter - Downloading https://repo.maven.apache.org/maven2/io/netty/netty-resolver/4.1.84.Final/netty-resolver-4.1.84.Final-sources.jar
2022-11-11 15:00:10,935 [Worker-59: Label Job] INFO  o.e.m.c.i.e.AbstractTransferListenerAdapter - Downloaded https://repo.maven.apache.org/maven2/io/netty/netty-resolver/4.1.84.Final/netty-resolver-4.1.84.Final-sources.jar
2022-11-11 15:00:11,196 [Worker-52: Debug Source Lookup] INFO  o.e.m.c.i.e.AbstractTransferListenerAdapter - Downloaded https://repo.maven.apache.org/maven2/io/netty/netty-resolver/4.1.84.Final/netty-resolver-4.1.84.Final-sources.jar
2022-11-11 15:00:11,536 [Worker-59: Label Job] INFO  o.e.m.c.i.e.AbstractTransferListenerAdapter - Downloading https://repo.maven.apache.org/maven2/net/bytebuddy/byte-buddy/1.12.18/byte-buddy-1.12.18-sources.jar
2022-11-11 15:00:11,844 [Worker-52: Debug Source Lookup] INFO  o.e.m.c.i.e.AbstractTransferListenerAdapter - Downloading https://repo.maven.apache.org/maven2/net/bytebuddy/byte-buddy/1.12.18/byte-buddy-1.12.18-sources.jar
2022-11-11 15:00:12,469 [Worker-59: Label Job] INFO  o.e.m.c.i.e.AbstractTransferListenerAdapter - Downloaded https://repo.maven.apache.org/maven2/net/bytebuddy/byte-buddy/1.12.18/byte-buddy-1.12.18-sources.jar
2022-11-11 15:00:12,818 [Worker-52: Debug Source Lookup] INFO  o.e.m.c.i.e.AbstractTransferListenerAdapter - Downloaded https://repo.maven.apache.org/maven2/net/bytebuddy/byte-buddy/1.12.18/byte-buddy-1.12.18-sources.jar
2022-11-11 15:00:13,073 [Worker-59: Label Job] INFO  o.e.m.c.i.e.AbstractTransferListenerAdapter - Downloading https://repo.maven.apache.org/maven2/org/slf4j/slf4j-api/2.0.3/slf4j-api-2.0.3-sources.jar
2022-11-11 15:00:13,418 [Worker-59: Label Job] INFO  o.e.m.c.i.e.AbstractTransferListenerAdapter - Downloaded https://repo.maven.apache.org/maven2/org/slf4j/slf4j-api/2.0.3/slf4j-api-2.0.3-sources.jar
2022-11-11 15:00:13,433 [Worker-52: Debug Source Lookup] INFO  o.e.m.c.i.e.AbstractTransferListenerAdapter - Downloading https://repo.maven.apache.org/maven2/org/slf4j/slf4j-api/2.0.3/slf4j-api-2.0.3-sources.jar
2022-11-11 15:00:13,782 [Worker-52: Debug Source Lookup] INFO  o.e.m.c.i.e.AbstractTransferListenerAdapter - Downloaded https://repo.maven.apache.org/maven2/org/slf4j/slf4j-api/2.0.3/slf4j-api-2.0.3-sources.jar
2022-11-11 15:00:14,028 [Worker-59: Label Job] INFO  o.e.m.c.i.e.AbstractTransferListenerAdapter - Downloading https://repo.maven.apache.org/maven2/io/netty/netty-codec-socks/4.1.84.Final/netty-codec-socks-4.1.84.Final-sources.jar
2022-11-11 15:00:14,400 [Worker-59: Label Job] INFO  o.e.m.c.i.e.AbstractTransferListenerAdapter - Downloaded https://repo.maven.apache.org/maven2/io/netty/netty-codec-socks/4.1.84.Final/netty-codec-socks-4.1.84.Final-sources.jar
2022-11-11 15:00:14,411 [Worker-52: Debug Source Lookup] INFO  o.e.m.c.i.e.AbstractTransferListenerAdapter - Downloading https://repo.maven.apache.org/maven2/io/netty/netty-codec-socks/4.1.84.Final/netty-codec-socks-4.1.84.Final-sources.jar
2022-11-11 15:00:14,778 [Worker-52: Debug Source Lookup] INFO  o.e.m.c.i.e.AbstractTransferListenerAdapter - Downloaded https://repo.maven.apache.org/maven2/io/netty/netty-codec-socks/4.1.84.Final/netty-codec-socks-4.1.84.Final-sources.jar
2022-11-11 15:00:15,021 [Worker-59: Label Job] INFO  o.e.m.c.i.e.AbstractTransferListenerAdapter - Downloading https://repo.maven.apache.org/maven2/org/jctools/jctools-core/3.1.0/jctools-core-3.1.0-sources.jar
2022-11-11 15:00:15,387 [Worker-52: Debug Source Lookup] INFO  o.e.m.c.i.e.AbstractTransferListenerAdapter - Downloading https://repo.maven.apache.org/maven2/org/jctools/jctools-core/3.1.0/jctools-core-3.1.0-sources.jar
2022-11-11 15:00:15,553 [Worker-59: Label Job] INFO  o.e.m.c.i.e.AbstractTransferListenerAdapter - Downloaded https://repo.maven.apache.org/maven2/org/jctools/jctools-core/3.1.0/jctools-core-3.1.0-sources.jar
2022-11-11 15:00:15,915 [Worker-52: Debug Source Lookup] INFO  o.e.m.c.i.e.AbstractTransferListenerAdapter - Downloaded https://repo.maven.apache.org/maven2/org/jctools/jctools-core/3.1.0/jctools-core-3.1.0-sources.jar
2022-11-11 15:00:16,160 [Worker-59: Label Job] INFO  o.e.m.c.i.e.AbstractTransferListenerAdapter - Downloading https://repo.maven.apache.org/maven2/io/netty/netty-transport-classes-kqueue/4.1.84.Final/netty-transport-classes-kqueue-4.1.84.Final-sources.jar
2022-11-11 15:00:16,471 [Worker-52: Debug Source Lookup] INFO  o.e.m.c.i.e.AbstractTransferListenerAdapter - Downloading https://repo.maven.apache.org/maven2/io/netty/netty-transport-classes-kqueue/4.1.84.Final/netty-transport-classes-kqueue-4.1.84.Final-sources.jar
2022-11-11 15:00:16,625 [Worker-59: Label Job] INFO  o.e.m.c.i.e.AbstractTransferListenerAdapter - Downloaded https://repo.maven.apache.org/maven2/io/netty/netty-transport-classes-kqueue/4.1.84.Final/netty-transport-classes-kqueue-4.1.84.Final-sources.jar
2022-11-11 15:00:16,784 [Worker-52: Debug Source Lookup] INFO  o.e.m.c.i.e.AbstractTransferListenerAdapter - Downloaded https://repo.maven.apache.org/maven2/io/netty/netty-transport-classes-kqueue/4.1.84.Final/netty-transport-classes-kqueue-4.1.84.Final-sources.jar
2022-11-11 15:00:17,243 [Worker-59: Label Job] INFO  o.e.m.c.i.e.AbstractTransferListenerAdapter - Downloading https://repo.maven.apache.org/maven2/io/netty/netty-buffer/4.1.84.Final/netty-buffer-4.1.84.Final-sources.jar
2022-11-11 15:00:17,413 [Worker-52: Debug Source Lookup] INFO  o.e.m.c.i.e.AbstractTransferListenerAdapter - Downloading https://repo.maven.apache.org/maven2/io/netty/netty-buffer/4.1.84.Final/netty-buffer-4.1.84.Final-sources.jar
2022-11-11 15:00:17,755 [Worker-59: Label Job] INFO  o.e.m.c.i.e.AbstractTransferListenerAdapter - Downloaded https://repo.maven.apache.org/maven2/io/netty/netty-buffer/4.1.84.Final/netty-buffer-4.1.84.Final-sources.jar
2022-11-11 15:00:17,925 [Worker-52: Debug Source Lookup] INFO  o.e.m.c.i.e.AbstractTransferListenerAdapter - Downloaded https://repo.maven.apache.org/maven2/io/netty/netty-buffer/4.1.84.Final/netty-buffer-4.1.84.Final-sources.jar
2022-11-11 15:00:18,367 [Worker-59: Label Job] INFO  o.e.m.c.i.e.AbstractTransferListenerAdapter - Downloading https://repo.maven.apache.org/maven2/io/netty/netty-codec-http/4.1.84.Final/netty-codec-http-4.1.84.Final-sources.jar
2022-11-11 15:00:18,495 [Worker-52: Debug Source Lookup] INFO  o.e.m.c.i.e.AbstractTransferListenerAdapter - Downloading https://repo.maven.apache.org/maven2/io/netty/netty-codec-http/4.1.84.Final/netty-codec-http-4.1.84.Final-sources.jar
2022-11-11 15:00:19,055 [Worker-59: Label Job] INFO  o.e.m.c.i.e.AbstractTransferListenerAdapter - Downloaded https://repo.maven.apache.org/maven2/io/netty/netty-codec-http/4.1.84.Final/netty-codec-http-4.1.84.Final-sources.jar
2022-11-11 15:00:19,155 [Worker-52: Debug Source Lookup] INFO  o.e.m.c.i.e.AbstractTransferListenerAdapter - Downloaded https://repo.maven.apache.org/maven2/io/netty/netty-codec-http/4.1.84.Final/netty-codec-http-4.1.84.Final-sources.jar
2022-11-11 15:00:19,676 [Worker-59: Label Job] INFO  o.e.m.c.i.e.AbstractTransferListenerAdapter - Downloading https://repo.maven.apache.org/maven2/com/google/errorprone/error_prone_annotations/2.11.0/error_prone_annotations-2.11.0-sources.jar
2022-11-11 15:00:19,765 [Worker-52: Debug Source Lookup] INFO  o.e.m.c.i.e.AbstractTransferListenerAdapter - Downloading https://repo.maven.apache.org/maven2/com/google/errorprone/error_prone_annotations/2.11.0/error_prone_annotations-2.11.0-sources.jar
2022-11-11 15:00:20,012 [Worker-59: Label Job] INFO  o.e.m.c.i.e.AbstractTransferListenerAdapter - Downloaded https://repo.maven.apache.org/maven2/com/google/errorprone/error_prone_annotations/2.11.0/error_prone_annotations-2.11.0-sources.jar
2022-11-11 15:00:20,224 [Worker-52: Debug Source Lookup] INFO  o.e.m.c.i.e.AbstractTransferListenerAdapter - Downloaded https://repo.maven.apache.org/maven2/com/google/errorprone/error_prone_annotations/2.11.0/error_prone_annotations-2.11.0-sources.jar
2022-11-11 15:00:20,577 [Worker-59: Label Job] INFO  o.e.m.c.i.e.AbstractTransferListenerAdapter - Downloading https://repo.maven.apache.org/maven2/io/netty/netty-transport-native-epoll/4.1.84.Final/netty-transport-native-epoll-4.1.84.Final-sources.jar
2022-11-11 15:00:20,855 [Worker-52: Debug Source Lookup] INFO  o.e.m.c.i.e.AbstractTransferListenerAdapter - Downloading https://repo.maven.apache.org/maven2/io/netty/netty-transport-native-epoll/4.1.84.Final/netty-transport-native-epoll-4.1.84.Final-sources.jar
2022-11-11 15:00:20,877 [Worker-59: Label Job] INFO  o.e.m.c.i.e.AbstractTransferListenerAdapter - Downloaded https://repo.maven.apache.org/maven2/io/netty/netty-transport-native-epoll/4.1.84.Final/netty-transport-native-epoll-4.1.84.Final-sources.jar
2022-11-11 15:00:21,189 [Worker-52: Debug Source Lookup] INFO  o.e.m.c.i.e.AbstractTransferListenerAdapter - Downloaded https://repo.maven.apache.org/maven2/io/netty/netty-transport-native-epoll/4.1.84.Final/netty-transport-native-epoll-4.1.84.Final-sources.jar
2022-11-11 15:00:21,450 [Worker-59: Label Job] INFO  o.e.m.c.i.e.AbstractTransferListenerAdapter - Downloading https://repo.maven.apache.org/maven2/io/netty/netty-transport/4.1.84.Final/netty-transport-4.1.84.Final-sources.jar
2022-11-11 15:00:21,798 [Worker-52: Debug Source Lookup] INFO  o.e.m.c.i.e.AbstractTransferListenerAdapter - Downloading https://repo.maven.apache.org/maven2/io/netty/netty-transport/4.1.84.Final/netty-transport-4.1.84.Final-sources.jar
2022-11-11 15:00:22,045 [Worker-59: Label Job] INFO  o.e.m.c.i.e.AbstractTransferListenerAdapter - Downloaded https://repo.maven.apache.org/maven2/io/netty/netty-transport/4.1.84.Final/netty-transport-4.1.84.Final-sources.jar
2022-11-11 15:00:22,417 [Worker-52: Debug Source Lookup] INFO  o.e.m.c.i.e.AbstractTransferListenerAdapter - Downloaded https://repo.maven.apache.org/maven2/io/netty/netty-transport/4.1.84.Final/netty-transport-4.1.84.Final-sources.jar
2022-11-11 15:00:22,621 [Worker-59: Label Job] INFO  o.e.m.c.i.e.AbstractTransferListenerAdapter - Downloading https://repo.maven.apache.org/maven2/dev/failsafe/failsafe/3.3.0/failsafe-3.3.0-sources.jar
2022-11-11 15:00:22,988 [Worker-52: Debug Source Lookup] INFO  o.e.m.c.i.e.AbstractTransferListenerAdapter - Downloading https://repo.maven.apache.org/maven2/dev/failsafe/failsafe/3.3.0/failsafe-3.3.0-sources.jar
2022-11-11 15:00:23,124 [Worker-59: Label Job] INFO  o.e.m.c.i.e.AbstractTransferListenerAdapter - Downloaded https://repo.maven.apache.org/maven2/dev/failsafe/failsafe/3.3.0/failsafe-3.3.0-sources.jar
2022-11-11 15:00:23,417 [Worker-52: Debug Source Lookup] INFO  o.e.m.c.i.e.AbstractTransferListenerAdapter - Downloaded https://repo.maven.apache.org/maven2/dev/failsafe/failsafe/3.3.0/failsafe-3.3.0-sources.jar
2022-11-11 15:00:23,698 [Worker-59: Label Job] INFO  o.e.m.c.i.e.AbstractTransferListenerAdapter - Downloading https://repo.maven.apache.org/maven2/org/asynchttpclient/async-http-client/2.12.3/async-http-client-2.12.3-sources.jar
2022-11-11 15:00:24,019 [Worker-52: Debug Source Lookup] INFO  o.e.m.c.i.e.AbstractTransferListenerAdapter - Downloading https://repo.maven.apache.org/maven2/org/asynchttpclient/async-http-client/2.12.3/async-http-client-2.12.3-sources.jar
2022-11-11 15:00:24,267 [Worker-59: Label Job] INFO  o.e.m.c.i.e.AbstractTransferListenerAdapter - Downloaded https://repo.maven.apache.org/maven2/org/asynchttpclient/async-http-client/2.12.3/async-http-client-2.12.3-sources.jar
2022-11-11 15:00:24,644 [Worker-52: Debug Source Lookup] INFO  o.e.m.c.i.e.AbstractTransferListenerAdapter - Downloaded https://repo.maven.apache.org/maven2/org/asynchttpclient/async-http-client/2.12.3/async-http-client-2.12.3-sources.jar
2022-11-11 15:00:25,300 [Worker-52: Debug Source Lookup] INFO  o.e.m.c.i.e.AbstractTransferListenerAdapter - Downloading https://repo.maven.apache.org/maven2/com/google/guava/failureaccess/1.0.1/failureaccess-1.0.1-sources.jar
2022-11-11 15:00:25,610 [Worker-52: Debug Source Lookup] INFO  o.e.m.c.i.e.AbstractTransferListenerAdapter - Downloaded https://repo.maven.apache.org/maven2/com/google/guava/failureaccess/1.0.1/failureaccess-1.0.1-sources.jar
2022-11-11 15:00:25,722 [Worker-59: Label Job] INFO  o.e.m.c.i.e.AbstractTransferListenerAdapter - Downloading https://repo.maven.apache.org/maven2/com/google/guava/failureaccess/1.0.1/failureaccess-1.0.1-sources.jar
2022-11-11 15:00:26,034 [Worker-59: Label Job] INFO  o.e.m.c.i.e.AbstractTransferListenerAdapter - Downloaded https://repo.maven.apache.org/maven2/com/google/guava/failureaccess/1.0.1/failureaccess-1.0.1-sources.jar
2022-11-11 15:00:26,236 [Worker-52: Debug Source Lookup] INFO  o.e.m.c.i.e.AbstractTransferListenerAdapter - Downloading https://repo.maven.apache.org/maven2/com/google/auto/service/auto-service-annotations/1.0.1/auto-service-annotations-1.0.1-sources.jar
2022-11-11 15:00:26,552 [Worker-52: Debug Source Lookup] INFO  o.e.m.c.i.e.AbstractTransferListenerAdapter - Downloaded https://repo.maven.apache.org/maven2/com/google/auto/service/auto-service-annotations/1.0.1/auto-service-annotations-1.0.1-sources.jar
2022-11-11 15:00:26,609 [Worker-59: Label Job] INFO  o.e.m.c.i.e.AbstractTransferListenerAdapter - Downloading https://repo.maven.apache.org/maven2/com/google/auto/service/auto-service-annotations/1.0.1/auto-service-annotations-1.0.1-sources.jar
2022-11-11 15:00:26,886 [Worker-59: Label Job] INFO  o.e.m.c.i.e.AbstractTransferListenerAdapter - Downloaded https://repo.maven.apache.org/maven2/com/google/auto/service/auto-service-annotations/1.0.1/auto-service-annotations-1.0.1-sources.jar
2022-11-11 15:00:27,176 [Worker-52: Debug Source Lookup] INFO  o.e.m.c.i.e.AbstractTransferListenerAdapter - Downloading https://repo.maven.apache.org/maven2/org/asynchttpclient/async-http-client-netty-utils/2.12.3/async-http-client-netty-utils-2.12.3-sources.jar
2022-11-11 15:00:27,482 [Worker-59: Label Job] INFO  o.e.m.c.i.e.AbstractTransferListenerAdapter - Downloading https://repo.maven.apache.org/maven2/org/asynchttpclient/async-http-client-netty-utils/2.12.3/async-http-client-netty-utils-2.12.3-sources.jar
2022-11-11 15:00:27,491 [Worker-52: Debug Source Lookup] INFO  o.e.m.c.i.e.AbstractTransferListenerAdapter - Downloaded https://repo.maven.apache.org/maven2/org/asynchttpclient/async-http-client-netty-utils/2.12.3/async-http-client-netty-utils-2.12.3-sources.jar
2022-11-11 15:00:27,777 [Worker-59: Label Job] INFO  o.e.m.c.i.e.AbstractTransferListenerAdapter - Downloaded https://repo.maven.apache.org/maven2/org/asynchttpclient/async-http-client-netty-utils/2.12.3/async-http-client-netty-utils-2.12.3-sources.jar
2022-11-11 15:00:28,050 [Worker-52: Debug Source Lookup] INFO  o.e.m.c.i.e.AbstractTransferListenerAdapter - Downloaded https://repo.maven.apache.org/maven2/com/google/guava/listenablefuture/9999.0-empty-to-avoid-conflict-with-guava/listenablefuture-9999.0-empty-to-avoid-conflict-with-guava-sources.jar
2022-11-11 15:00:28,396 [Worker-59: Label Job] INFO  o.e.m.c.i.e.AbstractTransferListenerAdapter - Downloaded https://repo.maven.apache.org/maven2/com/google/guava/listenablefuture/9999.0-empty-to-avoid-conflict-with-guava/listenablefuture-9999.0-empty-to-avoid-conflict-with-guava-sources.jar
2022-11-12 13:29:17,317 [Worker-3: Loading available Gradle versions] INFO  o.e.b.c.i.u.g.PublishedGradleVersions - Gradle version information cache is out-of-date. Trying to update.
2022-11-16 14:09:09,293 [Worker-3: Loading available Gradle versions] INFO  o.e.b.c.i.u.g.PublishedGradleVersions - Gradle version information cache is out-of-date. Trying to update.
2022-11-17 10:22:17,853 [Worker-5: Loading available Gradle versions] INFO  o.e.b.c.i.u.g.PublishedGradleVersions - Gradle version information cache is up-to-date. Trying to read.
2022-11-18 14:01:32,335 [Worker-8: Loading available Gradle versions] INFO  o.e.b.c.i.u.g.PublishedGradleVersions - Gradle version information cache is out-of-date. Trying to update.
2022-11-19 09:33:13,780 [Worker-1: Loading available Gradle versions] INFO  o.e.b.c.i.u.g.PublishedGradleVersions - Gradle version information cache is up-to-date. Trying to read.
2022-11-19 13:15:53,380 [Worker-4: Loading available Gradle versions] INFO  o.e.b.c.i.u.g.PublishedGradleVersions - Gradle version information cache is up-to-date. Trying to read.
2022-11-22 14:55:53,077 [Worker-1: Loading available Gradle versions] INFO  o.e.b.c.i.u.g.PublishedGradleVersions - Gradle version information cache is out-of-date. Trying to update.
2022-11-22 14:57:30,753 [Worker-6: Loading available Gradle versions] INFO  o.e.b.c.i.u.g.PublishedGradleVersions - Gradle version information cache is up-to-date. Trying to read.
